-- The C compiler identification is GNU 13.2.0
-- The CXX compiler identification is GNU 13.2.0
-- Detecting C compiler ABI info
-- Detecting C compiler ABI info - done
-- Check for working C compiler: /usr/bin/cc - skipped
-- Detecting C compile features
-- Detecting C compile features - done
-- Detecting CXX compiler ABI info
-- Detecting CXX compiler ABI info - done
-- Check for working CXX compiler: /usr/bin/c++ - skipped
-- Detecting CXX compile features
-- Detecting CXX compile features - done
-- Found ament_cmake: 2.5.2 (/opt/ros/jazzy/share/ament_cmake/cmake)
-- Found Python3: /usr/bin/python3 (found version "3.12.3") found components: Interpreter 
-- Found ament_lint_auto: 0.17.1 (/opt/ros/jazzy/share/ament_lint_auto/cmake)
-- Added test 'lint_cmake' to check CMake code style
-- Added test 'xmllint' to check XML markup files
-- Configuring done (1.4s)
-- Generating done (0.0s)
-- Build files have been written to: /home/leopan/Programming/workshop-2025/build/ros_activity
-- Install configuration: ""
-- Installing: /home/leopan/Programming/workshop-2025/install/ros_activity/share/ament_index/resource_index/package_run_dependencies/ros_activity
-- Installing: /home/leopan/Programming/workshop-2025/install/ros_activity/share/ament_index/resource_index/parent_prefix_path/ros_activity
-- Installing: /home/leopan/Programming/workshop-2025/install/ros_activity/share/ros_activity/environment/ament_prefix_path.sh
-- Installing: /home/leopan/Programming/workshop-2025/install/ros_activity/share/ros_activity/environment/ament_prefix_path.dsv
-- Installing: /home/leopan/Programming/workshop-2025/install/ros_activity/share/ros_activity/environment/path.sh
-- Installing: /home/leopan/Programming/workshop-2025/install/ros_activity/share/ros_activity/environment/path.dsv
-- Installing: /home/leopan/Programming/workshop-2025/install/ros_activity/share/ros_activity/local_setup.bash
-- Installing: /home/leopan/Programming/workshop-2025/install/ros_activity/share/ros_activity/local_setup.sh
-- Installing: /home/leopan/Programming/workshop-2025/install/ros_activity/share/ros_activity/local_setup.zsh
-- Installing: /home/leopan/Programming/workshop-2025/install/ros_activity/share/ros_activity/local_setup.dsv
-- Installing: /home/leopan/Programming/workshop-2025/install/ros_activity/share/ros_activity/package.dsv
-- Installing: /home/leopan/Programming/workshop-2025/install/ros_activity/share/ament_index/resource_index/packages/ros_activity
-- Installing: /home/leopan/Programming/workshop-2025/install/ros_activity/share/ros_activity/cmake/ros_activityConfig.cmake
-- Installing: /home/leopan/Programming/workshop-2025/install/ros_activity/share/ros_activity/cmake/ros_activityConfig-version.cmake
-- Installing: /home/leopan/Programming/workshop-2025/install/ros_activity/share/ros_activity/package.xml
