[0.794s] Invoking command in '/home/leopan/Programming/workshop-2025/src/ros_activity': PYTHONPATH=/home/leopan/Programming/workshop-2025/build/ros_activity/prefix_override:/usr/lib/python3/dist-packages/colcon_core/task/python/colcon_distutils_commands:/home/leopan/Programming/workshop-2025/install/ros_activity/lib/python3.12/site-packages:${PYTHONPATH} /usr/bin/python3 -W ignore:setup.py install is deprecated setup.py egg_info --egg-base ../../build/ros_activity build --build-base /home/leopan/Programming/workshop-2025/build/ros_activity/build install --record /home/leopan/Programming/workshop-2025/build/ros_activity/install.log --single-version-externally-managed install_data
[0.916s] running egg_info
[0.917s] creating ../../build/ros_activity/ros_activity.egg-info
[0.926s] writing ../../build/ros_activity/ros_activity.egg-info/PKG-INFO
[0.926s] writing dependency_links to ../../build/ros_activity/ros_activity.egg-info/dependency_links.txt
[0.927s] writing entry points to ../../build/ros_activity/ros_activity.egg-info/entry_points.txt
[0.927s] writing requirements to ../../build/ros_activity/ros_activity.egg-info/requires.txt
[0.927s] writing top-level names to ../../build/ros_activity/ros_activity.egg-info/top_level.txt
[0.927s] writing manifest file '../../build/ros_activity/ros_activity.egg-info/SOURCES.txt'
[0.942s] reading manifest file '../../build/ros_activity/ros_activity.egg-info/SOURCES.txt'
[0.942s] adding license file 'LICENSE'
[0.942s] writing manifest file '../../build/ros_activity/ros_activity.egg-info/SOURCES.txt'
[0.942s] running build
[0.942s] running build_py
[0.942s] creating /home/leopan/Programming/workshop-2025/build/ros_activity/build
[0.942s] creating /home/leopan/Programming/workshop-2025/build/ros_activity/build/lib
[0.942s] creating /home/leopan/Programming/workshop-2025/build/ros_activity/build/lib/ros_activity
[0.943s] copying ros_activity/__init__.py -> /home/leopan/Programming/workshop-2025/build/ros_activity/build/lib/ros_activity
[0.943s] copying ros_activity/secret_message.py -> /home/leopan/Programming/workshop-2025/build/ros_activity/build/lib/ros_activity
[0.943s] running install
[0.946s] running install_lib
[0.954s] creating /home/leopan/Programming/workshop-2025/install/ros_activity/lib/python3.12/site-packages/ros_activity
[0.954s] copying /home/leopan/Programming/workshop-2025/build/ros_activity/build/lib/ros_activity/__init__.py -> /home/leopan/Programming/workshop-2025/install/ros_activity/lib/python3.12/site-packages/ros_activity
[0.954s] copying /home/leopan/Programming/workshop-2025/build/ros_activity/build/lib/ros_activity/secret_message.py -> /home/leopan/Programming/workshop-2025/install/ros_activity/lib/python3.12/site-packages/ros_activity
[0.954s] byte-compiling /home/leopan/Programming/workshop-2025/install/ros_activity/lib/python3.12/site-packages/ros_activity/__init__.py to __init__.cpython-312.pyc
[0.955s] byte-compiling /home/leopan/Programming/workshop-2025/install/ros_activity/lib/python3.12/site-packages/ros_activity/secret_message.py to secret_message.cpython-312.pyc
[0.955s] running install_data
[0.955s] copying resource/ros_activity -> /home/leopan/Programming/workshop-2025/install/ros_activity/share/ament_index/resource_index/packages
[0.955s] copying package.xml -> /home/leopan/Programming/workshop-2025/install/ros_activity/share/ros_activity
[0.956s] running install_egg_info
[0.963s] Copying ../../build/ros_activity/ros_activity.egg-info to /home/leopan/Programming/workshop-2025/install/ros_activity/lib/python3.12/site-packages/ros_activity-0.0.0-py3.12.egg-info
[0.964s] running install_scripts
[1.018s] Installing broadcast script to /home/leopan/Programming/workshop-2025/install/ros_activity/lib/ros_activity
[1.018s] writing list of installed files to '/home/leopan/Programming/workshop-2025/build/ros_activity/install.log'
[1.034s] Invoked command in '/home/leopan/Programming/workshop-2025/src/ros_activity' returned '0': PYTHONPATH=/home/leopan/Programming/workshop-2025/build/ros_activity/prefix_override:/usr/lib/python3/dist-packages/colcon_core/task/python/colcon_distutils_commands:/home/leopan/Programming/workshop-2025/install/ros_activity/lib/python3.12/site-packages:${PYTHONPATH} /usr/bin/python3 -W ignore:setup.py install is deprecated setup.py egg_info --egg-base ../../build/ros_activity build --build-base /home/leopan/Programming/workshop-2025/build/ros_activity/build install --record /home/leopan/Programming/workshop-2025/build/ros_activity/install.log --single-version-externally-managed install_data
