[0.453s] Invoking command in '/home/leopan/Programming/workshop-2025/src/ros_activity': PYTHONPATH=/home/leopan/Programming/workshop-2025/build/ros_activity/prefix_override:/usr/lib/python3/dist-packages/colcon_core/task/python/colcon_distutils_commands:/home/leopan/Programming/workshop-2025/install/ros_activity/lib/python3.12/site-packages:${PYTHONPATH} /usr/bin/python3 -W ignore:setup.py install is deprecated setup.py egg_info --egg-base ../../build/ros_activity build --build-base /home/leopan/Programming/workshop-2025/build/ros_activity/build install --record /home/leopan/Programming/workshop-2025/build/ros_activity/install.log --single-version-externally-managed install_data
[0.572s] running egg_info
[0.579s] writing ../../build/ros_activity/ros_activity.egg-info/PKG-INFO
[0.579s] writing dependency_links to ../../build/ros_activity/ros_activity.egg-info/dependency_links.txt
[0.580s] writing entry points to ../../build/ros_activity/ros_activity.egg-info/entry_points.txt
[0.580s] writing requirements to ../../build/ros_activity/ros_activity.egg-info/requires.txt
[0.580s] writing top-level names to ../../build/ros_activity/ros_activity.egg-info/top_level.txt
[0.600s] reading manifest file '../../build/ros_activity/ros_activity.egg-info/SOURCES.txt'
[0.600s] adding license file 'LICENSE'
[0.600s] writing manifest file '../../build/ros_activity/ros_activity.egg-info/SOURCES.txt'
[0.600s] running build
[0.600s] running build_py
[0.600s] copying ros_activity/secret_message.py -> /home/leopan/Programming/workshop-2025/build/ros_activity/build/lib/ros_activity
[0.601s] running install
[0.604s] running install_lib
[0.613s] copying /home/leopan/Programming/workshop-2025/build/ros_activity/build/lib/ros_activity/secret_message.py -> /home/leopan/Programming/workshop-2025/install/ros_activity/lib/python3.12/site-packages/ros_activity
[0.614s] byte-compiling /home/leopan/Programming/workshop-2025/install/ros_activity/lib/python3.12/site-packages/ros_activity/secret_message.py to secret_message.cpython-312.pyc
[0.614s] running install_data
[0.614s] running install_egg_info
[0.622s] removing '/home/leopan/Programming/workshop-2025/install/ros_activity/lib/python3.12/site-packages/ros_activity-0.0.0-py3.12.egg-info' (and everything under it)
[0.622s] Copying ../../build/ros_activity/ros_activity.egg-info to /home/leopan/Programming/workshop-2025/install/ros_activity/lib/python3.12/site-packages/ros_activity-0.0.0-py3.12.egg-info
[0.623s] running install_scripts
[0.676s] Installing broadcast script to /home/leopan/Programming/workshop-2025/install/ros_activity/lib/ros_activity
[0.676s] writing list of installed files to '/home/leopan/Programming/workshop-2025/build/ros_activity/install.log'
[0.690s] Invoked command in '/home/leopan/Programming/workshop-2025/src/ros_activity' returned '0': PYTHONPATH=/home/leopan/Programming/workshop-2025/build/ros_activity/prefix_override:/usr/lib/python3/dist-packages/colcon_core/task/python/colcon_distutils_commands:/home/leopan/Programming/workshop-2025/install/ros_activity/lib/python3.12/site-packages:${PYTHONPATH} /usr/bin/python3 -W ignore:setup.py install is deprecated setup.py egg_info --egg-base ../../build/ros_activity build --build-base /home/leopan/Programming/workshop-2025/build/ros_activity/build install --record /home/leopan/Programming/workshop-2025/build/ros_activity/install.log --single-version-externally-managed install_data
