running egg_info
writing ../../build/ros_activity/ros_activity.egg-info/PKG-INFO
writing dependency_links to ../../build/ros_activity/ros_activity.egg-info/dependency_links.txt
writing entry points to ../../build/ros_activity/ros_activity.egg-info/entry_points.txt
writing requirements to ../../build/ros_activity/ros_activity.egg-info/requires.txt
writing top-level names to ../../build/ros_activity/ros_activity.egg-info/top_level.txt
reading manifest file '../../build/ros_activity/ros_activity.egg-info/SOURCES.txt'
adding license file 'LICENSE'
writing manifest file '../../build/ros_activity/ros_activity.egg-info/SOURCES.txt'
running build
running build_py
running install
running install_lib
running install_data
running install_egg_info
removing '/home/leopan/Programming/workshop-2025/install/ros_activity/lib/python3.12/site-packages/ros_activity-0.0.0-py3.12.egg-info' (and everything under it)
Copying ../../build/ros_activity/ros_activity.egg-info to /home/leopan/Programming/workshop-2025/install/ros_activity/lib/python3.12/site-packages/ros_activity-0.0.0-py3.12.egg-info
running install_scripts
Installing broadcast script to /home/leopan/Programming/workshop-2025/install/ros_activity/lib/ros_activity
writing list of installed files to '/home/leopan/Programming/workshop-2025/build/ros_activity/install.log'
