[0.480s] Invoking command in '/home/leopan/Programming/workshop-2025/src/ros_activity': PYTHONPATH=/home/leopan/Programming/workshop-2025/build/ros_activity/prefix_override:/usr/lib/python3/dist-packages/colcon_core/task/python/colcon_distutils_commands:/home/leopan/Programming/workshop-2025/install/ros_activity/lib/python3.12/site-packages:${PYTHONPATH} /usr/bin/python3 -W ignore:setup.py install is deprecated setup.py egg_info --egg-base ../../build/ros_activity build --build-base /home/leopan/Programming/workshop-2025/build/ros_activity/build install --record /home/leopan/Programming/workshop-2025/build/ros_activity/install.log --single-version-externally-managed install_data
[0.630s] running egg_info
[0.638s] writing ../../build/ros_activity/ros_activity.egg-info/PKG-INFO
[0.638s] writing dependency_links to ../../build/ros_activity/ros_activity.egg-info/dependency_links.txt
[0.638s] writing entry points to ../../build/ros_activity/ros_activity.egg-info/entry_points.txt
[0.639s] writing requirements to ../../build/ros_activity/ros_activity.egg-info/requires.txt
[0.639s] writing top-level names to ../../build/ros_activity/ros_activity.egg-info/top_level.txt
[0.653s] reading manifest file '../../build/ros_activity/ros_activity.egg-info/SOURCES.txt'
[0.653s] adding license file 'LICENSE'
[0.654s] writing manifest file '../../build/ros_activity/ros_activity.egg-info/SOURCES.txt'
[0.654s] running build
[0.654s] running build_py
[0.654s] running install
[0.657s] running install_lib
[0.665s] running install_data
[0.665s] running install_egg_info
[0.672s] removing '/home/leopan/Programming/workshop-2025/install/ros_activity/lib/python3.12/site-packages/ros_activity-0.0.0-py3.12.egg-info' (and everything under it)
[0.673s] Copying ../../build/ros_activity/ros_activity.egg-info to /home/leopan/Programming/workshop-2025/install/ros_activity/lib/python3.12/site-packages/ros_activity-0.0.0-py3.12.egg-info
[0.673s] running install_scripts
[0.729s] Installing broadcast script to /home/leopan/Programming/workshop-2025/install/ros_activity/lib/ros_activity
[0.730s] writing list of installed files to '/home/leopan/Programming/workshop-2025/build/ros_activity/install.log'
[0.744s] Invoked command in '/home/leopan/Programming/workshop-2025/src/ros_activity' returned '0': PYTHONPATH=/home/leopan/Programming/workshop-2025/build/ros_activity/prefix_override:/usr/lib/python3/dist-packages/colcon_core/task/python/colcon_distutils_commands:/home/leopan/Programming/workshop-2025/install/ros_activity/lib/python3.12/site-packages:${PYTHONPATH} /usr/bin/python3 -W ignore:setup.py install is deprecated setup.py egg_info --egg-base ../../build/ros_activity build --build-base /home/leopan/Programming/workshop-2025/build/ros_activity/build install --record /home/leopan/Programming/workshop-2025/build/ros_activity/install.log --single-version-externally-managed install_data
